<?xml version="1.0" encoding="UTF-8"?>
<!-- Generated by org.testng.reporters.JUnitXMLReporter -->
<testsuite hostname="SMK-9480m" ignored="0" name="Annotations test" tests="3" failures="0" timestamp="27 Feb 2018 06:44:01 GMT" time="0.03" errors="0">
  <testcase name="DoLogin" time="0.002" classname="Tutorial.Testcases"/>
  <testcase name="DoLogout" time="0.004" classname="Tutorial.Testcases"/>
  <testcase name="GivePassword" time="0.002" classname="Tutorial.Testcases"/>
</testsuite> <!-- Annotations test -->
