<?xml version="1.0" encoding="UTF-8"?>
<!-- Generated by org.testng.reporters.JUnitXMLReporter -->
<testsuite hostname="SMK-9480m" ignored="0" name="Login test" tests="3" failures="1" timestamp="27 Feb 2018 06:44:01 GMT" time="13.084" errors="0">
  <testcase name="launchBrowser" time="7.281" classname="Tutorial.RegisterTest"/>
  <testcase name="Gettitle" time="5.746" classname="Tutorial.RegisterTest">
    <failure type="java.lang.AssertionError" message="expected [Rediff.com: Online Shopping, Rediffmail, Latest India News, Business, Bollywood, Sports, Stock, Live Cricket Score, Money, Movie Reviews] but found [Rediff]">
      <![CDATA[java.lang.AssertionError: expected [Rediff.com: Online Shopping, Rediffmail, Latest India News, Business, Bollywood, Sports, Stock, Live Cricket Score, Money, Movie Reviews] but found [Rediff]at Tutorial.RegisterTest.Gettitle(RegisterTest.java:49)... Removed 31 stack frames]]>
    </failure>
  </testcase> <!-- Gettitle -->
  <testcase name="closeBrowser" time="0.016" classname="Tutorial.RegisterTest"/>
</testsuite> <!-- Login test -->
