<?xml version="1.0" encoding="UTF-8"?>
<!-- Generated by org.testng.reporters.JUnitXMLReporter -->
<testsuite hostname="SMK-9480m" ignored="0" name="Default test" tests="3" failures="0" timestamp="04 Apr 2018 21:06:49 GMT" time="44.351" errors="0">
  <testcase name="DoLoginTest" time="25.599" classname="Tutorial.LoginTest"/>
  <testcase name="DoLoginTest" time="8.506" classname="Tutorial.LoginTest"/>
  <testcase name="DoLoginTest" time="9.954" classname="Tutorial.LoginTest"/>
</testsuite> <!-- Default test -->
